<?xml version="1.0" encoding="UTF-8"?>
<!-- Generated by org.testng.reporters.JUnitReportReporter -->
<testsuite skipped="0" hostname="LAPTOP-8UTOJL72" name="sts.com.qa.testcases.RowSelectionTest" tests="3" failures="0" timestamp="30 Nov 2021 23:41:17 GMT" time="16.285" errors="0">
  <testcase name="Siblingrow" time="5.400" classname="sts.com.qa.testcases.RowSelectionTest"/>
  <testcase name="row1" time="5.564" classname="sts.com.qa.testcases.RowSelectionTest"/>
  <testcase name="verifypagetitleTest" time="5.321" classname="sts.com.qa.testcases.RowSelectionTest"/>
</testsuite> <!-- sts.com.qa.testcases.RowSelectionTest -->
