<?xml version="1.0" encoding="UTF-8"?>
<!-- Generated by org.testng.reporters.JUnitReportReporter -->
<testsuite skipped="0" hostname="LAPTOP-8UTOJL72" name="sts.com.qa.testcases.HomePageTest" tests="3" failures="0" timestamp="30 Nov 2021 23:41:17 GMT" time="16.704" errors="0">
  <testcase name="verifycorrectlogin" time="5.968" classname="sts.com.qa.testcases.HomePageTest"/>
  <testcase name="signoutbtntest" time="5.379" classname="sts.com.qa.testcases.HomePageTest"/>
  <testcase name="homepagetitle" time="5.357" classname="sts.com.qa.testcases.HomePageTest"/>
</testsuite> <!-- sts.com.qa.testcases.HomePageTest -->
